
 /----------------------------------------------------------------------------\
 |                                                                            |
 |  yosys -- Yosys Open SYnthesis Suite                                       |
 |                                                                            |
 |  Copyright (C) 2012 - 2020  Claire Xenia Wolf <claire@yosyshq.com>         |
 |                                                                            |
 |  Permission to use, copy, modify, and/or distribute this software for any  |
 |  purpose with or without fee is hereby granted, provided that the above    |
 |  copyright notice and this permission notice appear in all copies.         |
 |                                                                            |
 |  THE SOFTWARE IS PROVIDED "AS IS" AND THE AUTHOR DISCLAIMS ALL WARRANTIES  |
 |  WITH REGARD TO THIS SOFTWARE INCLUDING ALL IMPLIED WARRANTIES OF          |
 |  MERCHANTABILITY AND FITNESS. IN NO EVENT SHALL THE AUTHOR BE LIABLE FOR   |
 |  ANY SPECIAL, DIRECT, INDIRECT, OR CONSEQUENTIAL DAMAGES OR ANY DAMAGES    |
 |  WHATSOEVER RESULTING FROM LOSS OF USE, DATA OR PROFITS, WHETHER IN AN     |
 |  ACTION OF CONTRACT, NEGLIGENCE OR OTHER TORTIOUS ACTION, ARISING OUT OF   |
 |  OR IN CONNECTION WITH THE USE OR PERFORMANCE OF THIS SOFTWARE.            |
 |                                                                            |
 \----------------------------------------------------------------------------/

 Yosys 0.22+70 (git sha1 310281a96, clang  -fPIC -Os)


-- Executing script file `../model/design.ys' --

1. Executing Verilog-2005 frontend: hello.v
Parsing formal Verilog input from `hello.v' to AST representation.
Generating RTLIL representation for module `\hello'.
Successfully finished Verilog frontend.

2. Executing PREP pass.

2.1. Executing HIERARCHY pass (managing design hierarchy).

2.1.1. Analyzing design hierarchy..
Top module:  \hello

2.1.2. Analyzing design hierarchy..
Top module:  \hello
Removed 0 unused modules.
Module hello directly or indirectly contains formal properties -> setting "keep" attribute.

2.2. Executing PROC pass (convert processes to netlists).

2.2.1. Executing PROC_CLEAN pass (remove empty switches from decision trees).
Cleaned up 0 empty switches.

2.2.2. Executing PROC_RMDEAD pass (remove dead branches from decision trees).
Marked 1 switch rules as full_case in process $proc$hello.v:3$1 in module hello.
Removed a total of 0 dead cases.

2.2.3. Executing PROC_PRUNE pass (remove redundant assignments in processes).
Removed 1 redundant assignment.
Promoted 1 assignment to connection.

2.2.4. Executing PROC_INIT pass (extract init attributes).
Found init rule in `\hello.$proc$hello.v:2$7'.
  Set init value: \cnt = 11'00000000000

2.2.5. Executing PROC_ARST pass (detect async resets in processes).

2.2.6. Executing PROC_ROM pass (convert switches to ROMs).
Converted 0 switches.
<suppressed ~1 debug messages>

2.2.7. Executing PROC_MUX pass (convert decision trees to multiplexers).
Creating decoders for process `\hello.$proc$hello.v:2$7'.
Creating decoders for process `\hello.$proc$hello.v:3$1'.
     1/1: $0\cnt[10:0]

2.2.8. Executing PROC_DLATCH pass (convert process syncs to latches).

2.2.9. Executing PROC_DFF pass (convert process syncs to FFs).
Creating register for signal `\hello.\cnt' using process `\hello.$proc$hello.v:3$1'.
  created $dff cell `$procdff$11' with positive edge clock.

2.2.10. Executing PROC_MEMWR pass (convert process memory writes to cells).

2.2.11. Executing PROC_CLEAN pass (remove empty switches from decision trees).
Removing empty process `hello.$proc$hello.v:2$7'.
Found and cleaned up 1 empty switch in `\hello.$proc$hello.v:3$1'.
Removing empty process `hello.$proc$hello.v:3$1'.
Cleaned up 1 empty switch.

2.2.12. Executing OPT_EXPR pass (perform const folding).
Optimizing module hello.

2.3. Executing OPT_EXPR pass (perform const folding).
Optimizing module hello.

2.4. Executing OPT_CLEAN pass (remove unused cells and wires).
Finding unused cells or wires in module \hello..
Removed 0 unused cells and 3 unused wires.
<suppressed ~1 debug messages>

2.5. Executing CHECK pass (checking for obvious problems).
Checking module hello...
Found and reported 0 problems.

2.6. Executing OPT pass (performing simple optimizations).

2.6.1. Executing OPT_EXPR pass (perform const folding).
Optimizing module hello.

2.6.2. Executing OPT_MERGE pass (detect identical cells).
Finding identical cells in module `\hello'.
Removed a total of 0 cells.

2.6.3. Executing OPT_MUXTREE pass (detect dead branches in mux trees).
Running muxtree optimizer on module \hello..
  Creating internal representation of mux trees.
  Evaluating internal representation of mux trees.
  Analyzing evaluation results.
Removed 0 multiplexer ports.
<suppressed ~1 debug messages>

2.6.4. Executing OPT_REDUCE pass (consolidate $*mux and $reduce_* inputs).
  Optimizing cells in module \hello.
Performed a total of 0 changes.

2.6.5. Executing OPT_MERGE pass (detect identical cells).
Finding identical cells in module `\hello'.
Removed a total of 0 cells.

2.6.6. Executing OPT_CLEAN pass (remove unused cells and wires).
Finding unused cells or wires in module \hello..

2.6.7. Executing OPT_EXPR pass (perform const folding).
Optimizing module hello.

2.6.8. Finished OPT passes. (There is nothing left to do.)

2.7. Executing WREDUCE pass (reducing word size of cells).
Removed top 31 bits (of 32) from port B of cell hello.$add$hello.v:7$2 ($add).
Removed top 21 bits (of 32) from port Y of cell hello.$add$hello.v:7$2 ($add).
Removed top 7 bits (of 11) from port B of cell hello.$ne$hello.v:11$3 ($ne).
Removed top 7 bits (of 11) from port B of cell hello.$ne$hello.v:12$5 ($ne).
Removed top 21 bits (of 32) from wire hello.$add$hello.v:7$2_Y.

2.8. Executing OPT_CLEAN pass (remove unused cells and wires).
Finding unused cells or wires in module \hello..
Removed 0 unused cells and 1 unused wires.
<suppressed ~1 debug messages>

2.9. Executing MEMORY_COLLECT pass (generating $mem cells).

2.10. Executing OPT pass (performing simple optimizations).

2.10.1. Executing OPT_EXPR pass (perform const folding).
Optimizing module hello.

2.10.2. Executing OPT_MERGE pass (detect identical cells).
Finding identical cells in module `\hello'.
Removed a total of 0 cells.

2.10.3. Executing OPT_CLEAN pass (remove unused cells and wires).
Finding unused cells or wires in module \hello..

2.10.4. Finished fast OPT passes.

2.11. Printing statistics.

=== hello ===

   Number of wires:                  7
   Number of wire bits:             37
   Number of public wires:           3
   Number of public wire bits:      13
   Number of memories:               0
   Number of memory bits:            0
   Number of processes:              0
   Number of cells:                  7
     $add                            1
     $assert                         1
     $assume                         1
     $dff                            1
     $mux                            1
     $ne                             2

2.12. Executing CHECK pass (checking for obvious problems).
Checking module hello...
Found and reported 0 problems.

3. Executing HIERARCHY pass (managing design hierarchy).

3.1. Analyzing design hierarchy..
Top module:  \hello

3.2. Analyzing design hierarchy..
Top module:  \hello
Removed 0 unused modules.
Module hello directly or indirectly contains formal properties -> setting "keep" attribute.

4. Executing jny backend.

5. Executing RTLIL backend.
Output filename: ../model/design.il

End of script. Logfile hash: e35823f0e2, CPU: user 0.01s system 0.01s, MEM: 13.07 MB peak
Yosys 0.22+70 (git sha1 310281a96, clang  -fPIC -Os)
Time spent: 29% 5x opt_expr (0 sec), 28% 4x opt_clean (0 sec), ...
